2021-03-09 20:12:27,294 ERROR: Exception on /index [POST] [in /home/president/Desktop/Dev_Flask/env/lib/python3.9/site-packages/flask/app.py:1891]
Traceback (most recent call last):
  File "/home/president/Desktop/Dev_Flask/env/lib/python3.9/site-packages/urllib3/connection.py", line 169, in _new_conn
    conn = connection.create_connection(
  File "/home/president/Desktop/Dev_Flask/env/lib/python3.9/site-packages/urllib3/util/connection.py", line 96, in create_connection
    raise err
  File "/home/president/Desktop/Dev_Flask/env/lib/python3.9/site-packages/urllib3/util/connection.py", line 86, in create_connection
    sock.connect(sa)
ConnectionRefusedError: [Errno 111] Connection refused

During handling of the above exception, another exception occurred:

Traceback (most recent call last):
  File "/home/president/Desktop/Dev_Flask/env/lib/python3.9/site-packages/elasticsearch/connection/http_urllib3.py", line 249, in perform_request
    response = self.pool.urlopen(
  File "/home/president/Desktop/Dev_Flask/env/lib/python3.9/site-packages/urllib3/connectionpool.py", line 755, in urlopen
    retries = retries.increment(
  File "/home/president/Desktop/Dev_Flask/env/lib/python3.9/site-packages/urllib3/util/retry.py", line 506, in increment
    raise six.reraise(type(error), error, _stacktrace)
  File "/home/president/Desktop/Dev_Flask/env/lib/python3.9/site-packages/urllib3/packages/six.py", line 735, in reraise
    raise value
  File "/home/president/Desktop/Dev_Flask/env/lib/python3.9/site-packages/urllib3/connectionpool.py", line 699, in urlopen
    httplib_response = self._make_request(
  File "/home/president/Desktop/Dev_Flask/env/lib/python3.9/site-packages/urllib3/connectionpool.py", line 394, in _make_request
    conn.request(method, url, **httplib_request_kw)
  File "/home/president/Desktop/Dev_Flask/env/lib/python3.9/site-packages/urllib3/connection.py", line 234, in request
    super(HTTPConnection, self).request(method, url, body=body, headers=headers)
  File "/usr/lib/python3.9/http/client.py", line 1255, in request
    self._send_request(method, url, body, headers, encode_chunked)
  File "/usr/lib/python3.9/http/client.py", line 1301, in _send_request
    self.endheaders(body, encode_chunked=encode_chunked)
  File "/usr/lib/python3.9/http/client.py", line 1250, in endheaders
    self._send_output(message_body, encode_chunked=encode_chunked)
  File "/usr/lib/python3.9/http/client.py", line 1010, in _send_output
    self.send(msg)
  File "/usr/lib/python3.9/http/client.py", line 950, in send
    self.connect()
  File "/home/president/Desktop/Dev_Flask/env/lib/python3.9/site-packages/urllib3/connection.py", line 200, in connect
    conn = self._new_conn()
  File "/home/president/Desktop/Dev_Flask/env/lib/python3.9/site-packages/urllib3/connection.py", line 181, in _new_conn
    raise NewConnectionError(
urllib3.exceptions.NewConnectionError: <urllib3.connection.HTTPConnection object at 0x7f8c6c02d640>: Failed to establish a new connection: [Errno 111] Connection refused

During handling of the above exception, another exception occurred:

Traceback (most recent call last):
  File "/home/president/Desktop/Dev_Flask/env/lib/python3.9/site-packages/flask/app.py", line 2447, in wsgi_app
    response = self.full_dispatch_request()
  File "/home/president/Desktop/Dev_Flask/env/lib/python3.9/site-packages/flask/app.py", line 1952, in full_dispatch_request
    rv = self.handle_user_exception(e)
  File "/home/president/Desktop/Dev_Flask/env/lib/python3.9/site-packages/flask/app.py", line 1821, in handle_user_exception
    reraise(exc_type, exc_value, tb)
  File "/home/president/Desktop/Dev_Flask/env/lib/python3.9/site-packages/flask/_compat.py", line 39, in reraise
    raise value
  File "/home/president/Desktop/Dev_Flask/env/lib/python3.9/site-packages/flask/app.py", line 1950, in full_dispatch_request
    rv = self.dispatch_request()
  File "/home/president/Desktop/Dev_Flask/env/lib/python3.9/site-packages/flask/app.py", line 1936, in dispatch_request
    return self.view_functions[rule.endpoint](**req.view_args)
  File "/home/president/Desktop/Dev_Flask/env/lib/python3.9/site-packages/flask_login/utils.py", line 272, in decorated_view
    return func(*args, **kwargs)
  File "/home/president/Desktop/Dev_Flask/app/main/routes.py", line 35, in index
    db.session.commit()
  File "/home/president/Desktop/Dev_Flask/env/lib/python3.9/site-packages/sqlalchemy/orm/scoping.py", line 163, in do
    return getattr(self.registry(), name)(*args, **kwargs)
  File "/home/president/Desktop/Dev_Flask/env/lib/python3.9/site-packages/sqlalchemy/orm/session.py", line 1046, in commit
    self.transaction.commit()
  File "/home/president/Desktop/Dev_Flask/env/lib/python3.9/site-packages/sqlalchemy/orm/session.py", line 511, in commit
    self.session.dispatch.after_commit(self.session)
  File "/home/president/Desktop/Dev_Flask/env/lib/python3.9/site-packages/sqlalchemy/event/attr.py", line 261, in __call__
    fn(*args, **kw)
  File "/home/president/Desktop/Dev_Flask/app/models.py", line 36, in after_commit
    add_to_index(obj.__tablename__, obj)
  File "/home/president/Desktop/Dev_Flask/app/search.py", line 10, in add_to_index
    current_app.elasticsearch.index(index=index, id=model.id, body=payload)
  File "/home/president/Desktop/Dev_Flask/env/lib/python3.9/site-packages/elasticsearch/client/utils.py", line 152, in _wrapped
    return func(*args, params=params, headers=headers, **kwargs)
  File "/home/president/Desktop/Dev_Flask/env/lib/python3.9/site-packages/elasticsearch/client/__init__.py", line 397, in index
    return self.transport.perform_request(
  File "/home/president/Desktop/Dev_Flask/env/lib/python3.9/site-packages/elasticsearch/transport.py", line 413, in perform_request
    raise e
  File "/home/president/Desktop/Dev_Flask/env/lib/python3.9/site-packages/elasticsearch/transport.py", line 381, in perform_request
    status, headers_response, data = connection.perform_request(
  File "/home/president/Desktop/Dev_Flask/env/lib/python3.9/site-packages/elasticsearch/connection/http_urllib3.py", line 262, in perform_request
    raise ConnectionError("N/A", str(e), e)
elasticsearch.exceptions.ConnectionError: ConnectionError(<urllib3.connection.HTTPConnection object at 0x7f8c6c02d640>: Failed to establish a new connection: [Errno 111] Connection refused) caused by: NewConnectionError(<urllib3.connection.HTTPConnection object at 0x7f8c6c02d640>: Failed to establish a new connection: [Errno 111] Connection refused)
